# JRE version: Java(TM) SE Runtime Environment (8.0_181-b13) (build 1.8.0_181-b13)
# Java VM: Java HotSpot(TM) 64-Bit Server VM (25.181-b13 mixed mode linux-amd64 compressed oops)
Heap:
 PSYoungGen      total 208384K, used 0K [0x00000000ed180000, 0x00000000f9d80000, 0x0000000100000000)
  eden space 207872K, 0% used [0x00000000ed180000,0x00000000ed180000,0x00000000f9c80000)
  from space 512K, 0% used [0x00000000f9c80000,0x00000000f9c80000,0x00000000f9d00000)
  to   space 512K, 0% used [0x00000000f9d00000,0x00000000f9d00000,0x00000000f9d80000)
 ParOldGen       total 39936K, used 8030K [0x00000000c7400000, 0x00000000c9b00000, 0x00000000ed180000)
  object space 39936K, 20% used [0x00000000c7400000,0x00000000c7bd78a8,0x00000000c9b00000)
 Metaspace       used 9850K, capacity 10074K, committed 10368K, reserved 1058816K
  class space    used 1050K, capacity 1103K, committed 1152K, reserved 1048576K
GC Heap History (10 events):
Event: 3743.307 GC heap after
Heap after GC invocations=15638 (full 0):
 PSYoungGen      total 144384K, used 0K [0x00000000ed180000, 0x00000000f7980000, 0x0000000100000000)
  eden space 143872K, 0% used [0x00000000ed180000,0x00000000ed180000,0x00000000f5e00000)
  from space 512K, 0% used [0x00000000f5e80000,0x00000000f5e80000,0x00000000f5f00000)
  to   space 512K, 0% used [0x00000000f5e00000,0x00000000f5e00000,0x00000000f5e80000)
 ParOldGen       total 39936K, used 8022K [0x00000000c7400000, 0x00000000c9b00000, 0x00000000ed180000)
  object space 39936K, 20% used [0x00000000c7400000,0x00000000c7bd58a8,0x00000000c9b00000)
 Metaspace       used 9850K, capacity 10074K, committed 10368K, reserved 1058816K
  class space    used 1050K, capacity 1103K, committed 1152K, reserved 1048576K
}
Event: 3744.811 GC heap before
{Heap before GC invocations=15639 (full 0):
 PSYoungGen      total 144384K, used 143872K [0x00000000ed180000, 0x00000000f7980000, 0x0000000100000000)
  eden space 143872K, 100% used [0x00000000ed180000,0x00000000f5e00000,0x00000000f5e00000)
  from space 512K, 0% used [0x00000000f5e80000,0x00000000f5e80000,0x00000000f5f00000)
  to   space 512K, 0% used [0x00000000f5e00000,0x00000000f5e00000,0x00000000f5e80000)
 ParOldGen       total 39936K, used 8022K [0x00000000c7400000, 0x00000000c9b00000, 0x00000000ed180000)
  object space 39936K, 20% used [0x00000000c7400000,0x00000000c7bd58a8,0x00000000c9b00000)
 Metaspace       used 9850K, capacity 10074K, committed 10368K, reserved 1058816K
  class space    used 1050K, capacity 1103K, committed 1152K, reserved 1048576K
Event: 3744.812 GC heap after
Heap after GC invocations=15639 (full 0):
 PSYoungGen      total 144384K, used 0K [0x00000000ed180000, 0x00000000f7b80000, 0x0000000100000000)
  eden space 143872K, 0% used [0x00000000ed180000,0x00000000ed180000,0x00000000f5e00000)
  from space 512K, 0% used [0x00000000f5e00000,0x00000000f5e00000,0x00000000f5e80000)
  to   space 512K, 0% used [0x00000000f7b00000,0x00000000f7b00000,0x00000000f7b80000)
 ParOldGen       total 39936K, used 8022K [0x00000000c7400000, 0x00000000c9b00000, 0x00000000ed180000)
  object space 39936K, 20% used [0x00000000c7400000,0x00000000c7bd58a8,0x00000000c9b00000)
 Metaspace       used 9850K, capacity 10074K, committed 10368K, reserved 1058816K
  class space    used 1050K, capacity 1103K, committed 1152K, reserved 1048576K
}
Event: 3746.366 GC heap before
{Heap before GC invocations=15640 (full 0):
 PSYoungGen      total 144384K, used 143872K [0x00000000ed180000, 0x00000000f7b80000, 0x0000000100000000)
  eden space 143872K, 100% used [0x00000000ed180000,0x00000000f5e00000,0x00000000f5e00000)
  from space 512K, 0% used [0x00000000f5e00000,0x00000000f5e00000,0x00000000f5e80000)
  to   space 512K, 0% used [0x00000000f7b00000,0x00000000f7b00000,0x00000000f7b80000)
 ParOldGen       total 39936K, used 8022K [0x00000000c7400000, 0x00000000c9b00000, 0x00000000ed180000)
  object space 39936K, 20% used [0x00000000c7400000,0x00000000c7bd58a8,0x00000000c9b00000)
 Metaspace       used 9850K, capacity 10074K, committed 10368K, reserved 1058816K
  class space    used 1050K, capacity 1103K, committed 1152K, reserved 1048576K
Event: 3746.367 GC heap after
Heap after GC invocations=15640 (full 0):
 PSYoungGen      total 173568K, used 0K [0x00000000ed180000, 0x00000000f7b80000, 0x0000000100000000)
  eden space 173056K, 0% used [0x00000000ed180000,0x00000000ed180000,0x00000000f7a80000)
  from space 512K, 0% used [0x00000000f7b00000,0x00000000f7b00000,0x00000000f7b80000)
  to   space 512K, 0% used [0x00000000f7a80000,0x00000000f7a80000,0x00000000f7b00000)
 ParOldGen       total 39936K, used 8022K [0x00000000c7400000, 0x00000000c9b00000, 0x00000000ed180000)
  object space 39936K, 20% used [0x00000000c7400000,0x00000000c7bd58a8,0x00000000c9b00000)
 Metaspace       used 9850K, capacity 10074K, committed 10368K, reserved 1058816K
  class space    used 1050K, capacity 1103K, committed 1152K, reserved 1048576K
}
Event: 3753.802 GC heap before
{Heap before GC invocations=15641 (full 0):
 PSYoungGen      total 173568K, used 173056K [0x00000000ed180000, 0x00000000f7b80000, 0x0000000100000000)
  eden space 173056K, 100% used [0x00000000ed180000,0x00000000f7a80000,0x00000000f7a80000)
  from space 512K, 0% used [0x00000000f7b00000,0x00000000f7b00000,0x00000000f7b80000)
  to   space 512K, 0% used [0x00000000f7a80000,0x00000000f7a80000,0x00000000f7b00000)
 ParOldGen       total 39936K, used 8022K [0x00000000c7400000, 0x00000000c9b00000, 0x00000000ed180000)
  object space 39936K, 20% used [0x00000000c7400000,0x00000000c7bd58a8,0x00000000c9b00000)
 Metaspace       used 9850K, capacity 10074K, committed 10368K, reserved 1058816K
  class space    used 1050K, capacity 1103K, committed 1152K, reserved 1048576K
Event: 3757.398 GC heap after
Heap after GC invocations=15641 (full 0):
 PSYoungGen      total 173568K, used 0K [0x00000000ed180000, 0x00000000f9d80000, 0x0000000100000000)
  eden space 173056K, 0% used [0x00000000ed180000,0x00000000ed180000,0x00000000f7a80000)
  from space 512K, 0% used [0x00000000f7a80000,0x00000000f7a80000,0x00000000f7b00000)
  to   space 512K, 0% used [0x00000000f9d00000,0x00000000f9d00000,0x00000000f9d80000)
 ParOldGen       total 39936K, used 8022K [0x00000000c7400000, 0x00000000c9b00000, 0x00000000ed180000)
  object space 39936K, 20% used [0x00000000c7400000,0x00000000c7bd58a8,0x00000000c9b00000)
 Metaspace       used 9850K, capacity 10074K, committed 10368K, reserved 1058816K
  class space    used 1050K, capacity 1103K, committed 1152K, reserved 1048576K
}
Event: 3759.769 GC heap before
{Heap before GC invocations=15642 (full 0):
 PSYoungGen      total 173568K, used 173056K [0x00000000ed180000, 0x00000000f9d80000, 0x0000000100000000)
  eden space 173056K, 100% used [0x00000000ed180000,0x00000000f7a80000,0x00000000f7a80000)
  from space 512K, 0% used [0x00000000f7a80000,0x00000000f7a80000,0x00000000f7b00000)
  to   space 512K, 0% used [0x00000000f9d00000,0x00000000f9d00000,0x00000000f9d80000)
 ParOldGen       total 39936K, used 8022K [0x00000000c7400000, 0x00000000c9b00000, 0x00000000ed180000)
  object space 39936K, 20% used [0x00000000c7400000,0x00000000c7bd58a8,0x00000000c9b00000)
 Metaspace       used 9850K, capacity 10074K, committed 10368K, reserved 1058816K
  class space    used 1050K, capacity 1103K, committed 1152K, reserved 1048576K
Event: 3759.770 GC heap after
Heap after GC invocations=15642 (full 0):
 PSYoungGen      total 208384K, used 32K [0x00000000ed180000, 0x00000000f9d80000, 0x0000000100000000)
  eden space 207872K, 0% used [0x00000000ed180000,0x00000000ed180000,0x00000000f9c80000)
  from space 512K, 6% used [0x00000000f9d00000,0x00000000f9d08000,0x00000000f9d80000)
  to   space 512K, 0% used [0x00000000f9c80000,0x00000000f9c80000,0x00000000f9d00000)
 ParOldGen       total 39936K, used 8022K [0x00000000c7400000, 0x00000000c9b00000, 0x00000000ed180000)
  object space 39936K, 20% used [0x00000000c7400000,0x00000000c7bd58a8,0x00000000c9b00000)
 Metaspace       used 9850K, capacity 10074K, committed 10368K, reserved 1058816K
  class space    used 1050K, capacity 1103K, committed 1152K, reserved 1048576K
}
Event: 3765.219 GC heap before
{Heap before GC invocations=15643 (full 0):
 PSYoungGen      total 208384K, used 207904K [0x00000000ed180000, 0x00000000f9d80000, 0x0000000100000000)
  eden space 207872K, 100% used [0x00000000ed180000,0x00000000f9c80000,0x00000000f9c80000)
  from space 512K, 6% used [0x00000000f9d00000,0x00000000f9d08000,0x00000000f9d80000)
  to   space 512K, 0% used [0x00000000f9c80000,0x00000000f9c80000,0x00000000f9d00000)
 ParOldGen       total 39936K, used 8022K [0x00000000c7400000, 0x00000000c9b00000, 0x00000000ed180000)
  object space 39936K, 20% used [0x00000000c7400000,0x00000000c7bd58a8,0x00000000c9b00000)
 Metaspace       used 9850K, capacity 10074K, committed 10368K, reserved 1058816K
  class space    used 1050K, capacity 1103K, committed 1152K, reserved 1048576K

